TN:
SF:C:\Users\HP\Desktop\JavaScript\loftSchool 2018 - javascript course\Homework\src\index.js
FN:19,isAllTrue
FN:51,isSomeTrue
FN:79,returnBadArguments
FN:112,calculator
FN:117,(anonymous_4)
FN:118,(anonymous_5)
FN:119,(anonymous_6)
FN:120,(anonymous_7)
FNF:8
FNH:8
FNDA:7,isAllTrue
FNDA:6,isSomeTrue
FNDA:4,returnBadArguments
FNDA:8,calculator
FNDA:2,(anonymous_4)
FNDA:1,(anonymous_5)
FNDA:1,(anonymous_6)
FNDA:2,(anonymous_7)
DA:20,7
DA:21,3
DA:23,4
DA:24,1
DA:26,3
DA:27,19
DA:28,1
DA:32,2
DA:52,6
DA:53,3
DA:55,3
DA:56,1
DA:58,2
DA:59,13
DA:60,1
DA:64,1
DA:80,4
DA:81,4
DA:82,1
DA:84,3
DA:85,20
DA:86,20
DA:88,9
DA:91,3
DA:114,8
DA:116,7
DA:117,13
DA:118,8
DA:119,7
DA:121,2
DA:122,17
DA:123,1
DA:124,16
LF:33
LH:33
BRDA:20,0,0,3
BRDA:20,0,1,4
BRDA:20,1,0,7
BRDA:20,1,1,6
BRDA:23,2,0,1
BRDA:23,2,1,3
BRDA:27,3,0,1
BRDA:27,3,1,18
BRDA:52,4,0,3
BRDA:52,4,1,3
BRDA:52,5,0,6
BRDA:52,5,1,5
BRDA:55,6,0,1
BRDA:55,6,1,2
BRDA:59,7,0,1
BRDA:59,7,1,12
BRDA:81,8,0,1
BRDA:81,8,1,3
BRDA:112,9,0,2
BRDA:114,10,0,1
BRDA:114,10,1,7
BRDA:122,11,0,1
BRDA:122,11,1,16
BRF:23
BRH:23
end_of_record
